Grammar

    0 $accept: exp $end

    1 exp: '(' exp ')'
    2    | TOKEN_INT
    3    | TOKEN_FLOAT
    4    | TOKEN_STRING
    5    | exp '+' exp
    6    | exp '-' exp
    7    | exp '*' exp
    8    | exp '/' exp
    9    | exp '%' exp
   10    | exp '^' exp
   11    | '-' exp


Terminals, with rules where they appear

$end (0) 0
'%' (37) 9
'(' (40) 1
')' (41) 1
'*' (42) 7
'+' (43) 5
'-' (45) 6 11
'/' (47) 8
'^' (94) 10
error (256)
TOKEN_INT (258) 2
TOKEN_FLOAT (259) 3
TOKEN_STRING (260) 4
UMINUS (261)


Nonterminals, with rules where they appear

$accept (15)
    on left: 0
exp (16)
    on left: 1 2 3 4 5 6 7 8 9 10 11, on right: 0 1 5 6 7 8 9 10 11


state 0

    0 $accept: . exp $end

    TOKEN_INT     shift, and go to state 1
    TOKEN_FLOAT   shift, and go to state 2
    TOKEN_STRING  shift, and go to state 3
    '-'           shift, and go to state 4
    '('           shift, and go to state 5

    exp  go to state 6


state 1

    2 exp: TOKEN_INT .

    $default  reduce using rule 2 (exp)


state 2

    3 exp: TOKEN_FLOAT .

    $default  reduce using rule 3 (exp)


state 3

    4 exp: TOKEN_STRING .

    $default  reduce using rule 4 (exp)


state 4

   11 exp: '-' . exp

    TOKEN_INT     shift, and go to state 1
    TOKEN_FLOAT   shift, and go to state 2
    TOKEN_STRING  shift, and go to state 3
    '-'           shift, and go to state 4
    '('           shift, and go to state 5

    exp  go to state 7


state 5

    1 exp: '(' . exp ')'

    TOKEN_INT     shift, and go to state 1
    TOKEN_FLOAT   shift, and go to state 2
    TOKEN_STRING  shift, and go to state 3
    '-'           shift, and go to state 4
    '('           shift, and go to state 5

    exp  go to state 8


state 6

    0 $accept: exp . $end
    5 exp: exp . '+' exp
    6    | exp . '-' exp
    7    | exp . '*' exp
    8    | exp . '/' exp
    9    | exp . '%' exp
   10    | exp . '^' exp

    $end  shift, and go to state 9
    '+'   shift, and go to state 10
    '-'   shift, and go to state 11
    '*'   shift, and go to state 12
    '/'   shift, and go to state 13
    '%'   shift, and go to state 14
    '^'   shift, and go to state 15


state 7

    5 exp: exp . '+' exp
    6    | exp . '-' exp
    7    | exp . '*' exp
    8    | exp . '/' exp
    9    | exp . '%' exp
   10    | exp . '^' exp
   11    | '-' exp .

    $default  reduce using rule 11 (exp)


state 8

    1 exp: '(' exp . ')'
    5    | exp . '+' exp
    6    | exp . '-' exp
    7    | exp . '*' exp
    8    | exp . '/' exp
    9    | exp . '%' exp
   10    | exp . '^' exp

    '+'  shift, and go to state 10
    '-'  shift, and go to state 11
    '*'  shift, and go to state 12
    '/'  shift, and go to state 13
    '%'  shift, and go to state 14
    '^'  shift, and go to state 15
    ')'  shift, and go to state 16


state 9

    0 $accept: exp $end .

    $default  accept


state 10

    5 exp: exp '+' . exp

    TOKEN_INT     shift, and go to state 1
    TOKEN_FLOAT   shift, and go to state 2
    TOKEN_STRING  shift, and go to state 3
    '-'           shift, and go to state 4
    '('           shift, and go to state 5

    exp  go to state 17


state 11

    6 exp: exp '-' . exp

    TOKEN_INT     shift, and go to state 1
    TOKEN_FLOAT   shift, and go to state 2
    TOKEN_STRING  shift, and go to state 3
    '-'           shift, and go to state 4
    '('           shift, and go to state 5

    exp  go to state 18


state 12

    7 exp: exp '*' . exp

    TOKEN_INT     shift, and go to state 1
    TOKEN_FLOAT   shift, and go to state 2
    TOKEN_STRING  shift, and go to state 3
    '-'           shift, and go to state 4
    '('           shift, and go to state 5

    exp  go to state 19


state 13

    8 exp: exp '/' . exp

    TOKEN_INT     shift, and go to state 1
    TOKEN_FLOAT   shift, and go to state 2
    TOKEN_STRING  shift, and go to state 3
    '-'           shift, and go to state 4
    '('           shift, and go to state 5

    exp  go to state 20


state 14

    9 exp: exp '%' . exp

    TOKEN_INT     shift, and go to state 1
    TOKEN_FLOAT   shift, and go to state 2
    TOKEN_STRING  shift, and go to state 3
    '-'           shift, and go to state 4
    '('           shift, and go to state 5

    exp  go to state 21


state 15

   10 exp: exp '^' . exp

    TOKEN_INT     shift, and go to state 1
    TOKEN_FLOAT   shift, and go to state 2
    TOKEN_STRING  shift, and go to state 3
    '-'           shift, and go to state 4
    '('           shift, and go to state 5

    exp  go to state 22


state 16

    1 exp: '(' exp ')' .

    $default  reduce using rule 1 (exp)


state 17

    5 exp: exp . '+' exp
    5    | exp '+' exp .
    6    | exp . '-' exp
    7    | exp . '*' exp
    8    | exp . '/' exp
    9    | exp . '%' exp
   10    | exp . '^' exp

    '*'  shift, and go to state 12
    '/'  shift, and go to state 13
    '%'  shift, and go to state 14
    '^'  shift, and go to state 15

    $default  reduce using rule 5 (exp)


state 18

    5 exp: exp . '+' exp
    6    | exp . '-' exp
    6    | exp '-' exp .
    7    | exp . '*' exp
    8    | exp . '/' exp
    9    | exp . '%' exp
   10    | exp . '^' exp

    '*'  shift, and go to state 12
    '/'  shift, and go to state 13
    '%'  shift, and go to state 14
    '^'  shift, and go to state 15

    $default  reduce using rule 6 (exp)


state 19

    5 exp: exp . '+' exp
    6    | exp . '-' exp
    7    | exp . '*' exp
    7    | exp '*' exp .
    8    | exp . '/' exp
    9    | exp . '%' exp
   10    | exp . '^' exp

    $default  reduce using rule 7 (exp)


state 20

    5 exp: exp . '+' exp
    6    | exp . '-' exp
    7    | exp . '*' exp
    8    | exp . '/' exp
    8    | exp '/' exp .
    9    | exp . '%' exp
   10    | exp . '^' exp

    $default  reduce using rule 8 (exp)


state 21

    5 exp: exp . '+' exp
    6    | exp . '-' exp
    7    | exp . '*' exp
    8    | exp . '/' exp
    9    | exp . '%' exp
    9    | exp '%' exp .
   10    | exp . '^' exp

    $default  reduce using rule 9 (exp)


state 22

    5 exp: exp . '+' exp
    6    | exp . '-' exp
    7    | exp . '*' exp
    8    | exp . '/' exp
    9    | exp . '%' exp
   10    | exp . '^' exp
   10    | exp '^' exp .

    $default  reduce using rule 10 (exp)
